{
  "RSpec": {
    "coverage": {
      "/Users/BlunderBuss/Desktop/projects/TwoHourJobSearch/spec/features/company_spec.rb": [
        1,
        null,
        1,
        2,
        2,
        null,
        1,
        1,
        1,
        1,
        1,
        1,
        1,
        1,
        null,
        null,
        null
      ],
      "/Users/BlunderBuss/Desktop/projects/TwoHourJobSearch/spec/rails_helper.rb": [
        null,
        1,
        1,
        null,
        1,
        1,
        1,
        null,
        1,
        null,
        null,
        null,
        null,
        null,
        null,
        null,
        null,
        null,
        null,
        null,
        null,
        null,
        null,
        null,
        null,
        null,
        null,
        1,
        null,
        1,
        null,
        1,
        null,
        null,
        null,
        null,
        1,
        null,
        null,
        null,
        null,
        null,
        null,
        null,
        null,
        null,
        null,
        null,
        null,
        null,
        null,
        1,
        null,
        null,
        1,
        null,
        null,
        null
      ],
      "/Users/BlunderBuss/Desktop/projects/TwoHourJobSearch/config/environment.rb": [
        null,
        1,
        null,
        null,
        1
      ],
      "/Users/BlunderBuss/Desktop/projects/TwoHourJobSearch/config/application.rb": [
        1,
        null,
        1,
        null,
        1,
        1,
        1,
        1,
        1,
        1,
        1,
        null,
        null,
        null,
        null,
        1,
        null,
        1,
        1,
        null,
        null,
        null,
        null,
        null,
        null,
        null,
        null,
        null,
        null,
        null,
        null,
        null,
        1,
        null,
        null
      ],
      "/Users/BlunderBuss/Desktop/projects/TwoHourJobSearch/config/boot.rb": [
        1,
        null,
        1
      ],
      "/Users/BlunderBuss/Desktop/projects/TwoHourJobSearch/config/environments/test.rb": [
        1,
        null,
        null,
        null,
        null,
        null,
        null,
        1,
        null,
        null,
        null,
        null,
        1,
        null,
        null,
        1,
        1,
        null,
        null,
        1,
        1,
        null,
        null,
        1,
        null,
        null,
        1,
        null,
        null,
        null,
        null,
        1,
        null,
        null,
        1,
        null,
        null,
        1,
        null,
        null,
        null,
        null,
        null
      ],
      "/Users/BlunderBuss/Desktop/projects/TwoHourJobSearch/config/initializers/assets.rb": [
        null,
        null,
        null,
        1,
        null,
        null,
        null,
        null,
        null,
        null,
        null
      ],
      "/Users/BlunderBuss/Desktop/projects/TwoHourJobSearch/config/initializers/backtrace_silencers.rb": [
        null,
        null,
        null,
        null,
        null,
        null,
        null
      ],
      "/Users/BlunderBuss/Desktop/projects/TwoHourJobSearch/config/initializers/cookies_serializer.rb": [
        null,
        null,
        1
      ],
      "/Users/BlunderBuss/Desktop/projects/TwoHourJobSearch/config/initializers/filter_parameter_logging.rb": [
        null,
        null,
        null,
        1
      ],
      "/Users/BlunderBuss/Desktop/projects/TwoHourJobSearch/config/initializers/inflections.rb": [
        null,
        null,
        null,
        null,
        null,
        null,
        null,
        null,
        null,
        null,
        null,
        null,
        null,
        null,
        null,
        null
      ],
      "/Users/BlunderBuss/Desktop/projects/TwoHourJobSearch/config/initializers/mime_types.rb": [
        null,
        null,
        null,
        null
      ],
      "/Users/BlunderBuss/Desktop/projects/TwoHourJobSearch/config/initializers/session_store.rb": [
        null,
        null,
        1
      ],
      "/Users/BlunderBuss/Desktop/projects/TwoHourJobSearch/config/initializers/wrap_parameters.rb": [
        null,
        null,
        null,
        null,
        null,
        null,
        1,
        1,
        null,
        null,
        null,
        null,
        null,
        null
      ],
      "/Users/BlunderBuss/Desktop/projects/TwoHourJobSearch/config/routes.rb": [
        1,
        null,
        null,
        null,
        null,
        null,
        null,
        null,
        null,
        null,
        1,
        null,
        1,
        1,
        null,
        null,
        null,
        1,
        1,
        null,
        null,
        1,
        1,
        1,
        null,
        1,
        1,
        1,
        null,
        null,
        null,
        null,
        null,
        null,
        null,
        null,
        null,
        null,
        null,
        null,
        null,
        null,
        null,
        null,
        null,
        null,
        null,
        null,
        null,
        null,
        null,
        null,
        null,
        null,
        null,
        null,
        null,
        null,
        null,
        null,
        null,
        null,
        null,
        null,
        null,
        null,
        null,
        null,
        null,
        null,
        null,
        null,
        null,
        null,
        null,
        null,
        null,
        null,
        null,
        null,
        null,
        null,
        null,
        null,
        null,
        null,
        null
      ],
      "/Users/BlunderBuss/Desktop/projects/TwoHourJobSearch/app/helpers/application_helper.rb": [
        1,
        null
      ],
      "/Users/BlunderBuss/Desktop/projects/TwoHourJobSearch/spec/features/contact_spec.rb": [
        1,
        null,
        1,
        2,
        2,
        2,
        2,
        2,
        null,
        1,
        1,
        1,
        1,
        1,
        1,
        1,
        1,
        1,
        1,
        1,
        1,
        1,
        null,
        null,
        null
      ],
      "/Users/BlunderBuss/Desktop/projects/TwoHourJobSearch/spec/features/user_spec.rb": [
        1,
        null,
        1,
        null,
        1,
        null,
        null,
        null,
        null,
        null,
        1,
        1,
        1,
        1,
        1,
        1,
        1,
        1,
        null,
        null,
        1,
        1,
        1,
        null,
        null,
        null
      ],
      "/Users/BlunderBuss/Desktop/projects/TwoHourJobSearch/app/models/user.rb": [
        1,
        1,
        1,
        1,
        null,
        null
      ],
      "/Users/BlunderBuss/Desktop/projects/TwoHourJobSearch/app/controllers/pages_controller.rb": [
        1,
        null,
        1,
        null,
        null,
        null,
        null,
        null
      ],
      "/Users/BlunderBuss/Desktop/projects/TwoHourJobSearch/app/controllers/application_controller.rb": [
        1,
        null,
        null,
        1,
        null,
        null,
        null,
        1,
        29,
        null,
        1,
        null,
        1,
        18,
        null,
        1,
        null,
        null,
        null,
        null,
        null,
        null
      ],
      "/Users/BlunderBuss/Desktop/projects/TwoHourJobSearch/app/controllers/session_controller.rb": [
        1,
        null,
        1,
        null,
        null,
        null,
        1,
        3,
        3,
        3,
        null,
        3,
        null,
        null,
        null,
        null,
        null,
        null,
        null,
        null,
        null,
        null,
        null
      ],
      "/Users/BlunderBuss/Desktop/projects/TwoHourJobSearch/app/controllers/companies_controller.rb": [
        1,
        null,
        1,
        3,
        null,
        null,
        1,
        1,
        null,
        null,
        1,
        1,
        1,
        null,
        null,
        1,
        null,
        1,
        1,
        null,
        null,
        null,
        null
      ],
      "/Users/BlunderBuss/Desktop/projects/TwoHourJobSearch/app/models/company.rb": [
        1,
        1,
        null,
        null
      ],
      "/Users/BlunderBuss/Desktop/projects/TwoHourJobSearch/app/controllers/contacts_controller.rb": [
        1,
        null,
        1,
        1,
        null,
        null,
        1,
        1,
        1,
        null,
        null,
        1,
        1,
        null,
        null,
        1,
        null,
        1,
        1,
        null,
        null,
        null
      ],
      "/Users/BlunderBuss/Desktop/projects/TwoHourJobSearch/app/models/contact.rb": [
        1,
        1,
        null,
        null
      ],
      "/Users/BlunderBuss/Desktop/projects/TwoHourJobSearch/app/controllers/users_controller.rb": [
        1,
        null,
        1,
        1,
        null,
        null,
        1,
        1,
        1,
        1,
        null,
        null,
        null,
        null,
        null,
        null,
        1,
        null,
        1,
        1,
        null,
        null,
        null
      ]
    },
    "timestamp": 1469802890
  }
}
